\BOOKMARK [1][]{section.1}{\376\377\0001\000\040\225\356\230\230\221\315\217\360}{}% 1
\BOOKMARK [2][]{subsection.1.1}{\376\377\0001\000.\0001\000\040\225\356\230\230\200\314\146\157}{section.1}% 2
\BOOKMARK [2][]{subsection.1.2}{\376\377\0001\000.\0002\000\040\225\356\230\230\221\315\217\360}{section.1}% 3
\BOOKMARK [1][]{section.2}{\376\377\0002\000\040\152\041\127\213\120\107\213\276}{}% 4
\BOOKMARK [1][]{section.3}{\376\377\0003\000\040\173\046\123\367\213\364\146\016}{}% 5
\BOOKMARK [1][]{section.4}{\376\377\0004\000\040\225\356\230\230\122\006\147\220}{}% 6
\BOOKMARK [2][]{subsection.4.1}{\376\377\0004\000.\0001\000\040\225\356\230\230\116\000\166\204\122\006\147\220}{section.4}% 7
\BOOKMARK [2][]{subsection.4.2}{\376\377\0004\000.\0002\000\040\225\356\230\230\116\214\166\204\122\006\147\220}{section.4}% 8
\BOOKMARK [2][]{subsection.4.3}{\376\377\0004\000.\0003\000\040\225\356\230\230\116\011\166\204\122\006\147\220}{section.4}% 9
\BOOKMARK [2][]{subsection.4.4}{\376\377\0004\000.\0004\000\040\225\356\230\230\126\333\166\204\122\006\147\220}{section.4}% 10
\BOOKMARK [1][]{section.5}{\376\377\0005\000\040\152\041\127\213\136\372\172\313}{}% 11
\BOOKMARK [2][]{subsection.5.1}{\376\377\0005\000.\0001\000\040\165\050\116\216\121\372\171\337\217\146\123\370\147\072\121\263\173\126\166\204\152\041\127\213}{section.5}% 12
\BOOKMARK [3][]{subsubsection.5.1.1}{\376\377\0005\000.\0001\000.\0001\000\040\121\372\171\337\217\146\173\111\137\205\145\366\225\364}{subsection.5.1}% 13
\BOOKMARK [3][]{subsubsection.5.1.2}{\376\377\0005\000.\0001\000.\0002\000\040\121\372\171\337\217\146\145\066\166\312\116\016\173\111\137\205\145\366\225\364\121\163\174\373}{subsection.5.1}% 14
\BOOKMARK [2][]{subsection.5.2}{\376\377\0005\000.\0002\000\040\165\050\116\216\213\276\177\156\147\072\127\072\120\134\217\146\160\271\166\204\152\041\127\213}{section.5}% 15
\BOOKMARK [2][]{subsection.5.3}{\376\377\0005\000.\0003\000\040\165\050\116\216\167\355\220\024\217\175\133\242\217\324\126\336\121\372\171\337\217\146\117\030\121\110\147\103\166\204\152\041\127\213}{section.5}% 16
\BOOKMARK [1][]{section.6}{\376\377\0006\000\040\225\356\230\230\211\343\173\124}{}% 17
\BOOKMARK [2][]{subsection.6.1}{\376\377\0006\000.\0001\000\040\225\356\230\230\116\000\166\204\211\343\173\124}{section.6}% 18
\BOOKMARK [2][]{subsection.6.2}{\376\377\0006\000.\0002\000\040\225\356\230\230\116\214\166\204\211\343\173\124}{section.6}% 19
\BOOKMARK [2][]{subsection.6.3}{\376\377\0006\000.\0003\000\040\225\356\230\230\116\011\166\204\211\343\173\124}{section.6}% 20
\BOOKMARK [2][]{subsection.6.4}{\376\377\0006\000.\0004\000\040\225\356\230\230\126\333\166\204\211\343\173\124}{section.6}% 21
\BOOKMARK [1][]{section.7}{\376\377\0007\000\040\152\041\127\213\140\073\176\323}{}% 22
\BOOKMARK [2][]{subsection.7.1}{\376\377\0007\000.\0001\000\040\160\165\145\117\136\246\122\006\147\220}{section.7}% 23
\BOOKMARK [2][]{subsection.7.2}{\376\377\0007\000.\0002\000\040\152\041\127\213\117\030\160\271}{section.7}% 24
\BOOKMARK [2][]{subsection.7.3}{\376\377\0007\000.\0003\000\040\152\041\127\213\177\072\160\271}{section.7}% 25
\BOOKMARK [1][]{appendix.A}{\376\377\000A\000\040\152\041\127\213\116\343\170\001}{}% 26
\BOOKMARK [2][]{subsection.A.1}{\376\377\000A\000.\0001\000\040\225\356\230\230\116\000\116\343\170\001}{appendix.A}% 27
